This is pdfTeX, Version 3.141592653-2.6-1.40.24 (MiKTeX 22.3) (preloaded format=pdflatex 2022.5.31)  1 JUN 2022 21:48
entering extended mode
 restricted \write18 enabled.
 file:line:error style messages enabled.
 %&-line parsing enabled.
**d:/Algo/Win/tod/Python/Notebooks/Latex/tarea4.tex
(d:/Algo/Win/tod/Python/Notebooks/Latex/tarea4.tex
LaTeX2e <2021-11-15> patch level 1
L3 programming layer <2022-02-24>

! LaTeX Error: File `my-resume.cls' not found.

Type X to quit or <RETURN> to proceed,
or enter new name. (Default extension: cls)

Enter file name: 
d:/Algo/Win/tod/Python/Notebooks/Latex/tarea4.tex:7: Emergency stop.
<read *> 
         
l.7 ^^M
       
*** (cannot \read from terminal in nonstop modes)

 
Here is how much of TeX's memory you used:
 27 strings out of 478582
 678 string characters out of 2844344
 288951 words of memory out of 3000000
 18310 multiletter control sequences out of 15000+600000
 469259 words of font info for 28 fonts, out of 8000000 for 9000
 1141 hyphenation exceptions out of 8191
 19i,0n,29p,84b,17s stack positions out of 10000i,1000n,20000p,200000b,80000s
d:/Algo/Win/tod/Python/Notebooks/Latex/tarea4.tex:7:  ==> Fatal error occurred, no output PDF file produced!
